     [echo] build logged to build_17-06-2015_(08-54-01).log
init:  duration 0 seconds

setClassPath:
[pathconvert] Set property test.classpath = C:\Selenium\workspace\TCoE_Project:C:\Selenium\workspace\TCoE_Project\lib\ReferencedLibraries\SaxonLiaison.jar:C:\Selenium\workspace\TCoE_Project\lib\ReferencedLibraries\aopalliance.jar:C:\Selenium\workspace\TCoE_Project\lib\ReferencedLibraries\apache-mime4j-0.6.jar:C:\Selenium\workspace\TCoE_Project\lib\ReferencedLibraries\bsh-1.3.0.jar:C:\Selenium\workspace\TCoE_Project\lib\ReferencedLibraries\cglib-nodep-2.1_3.jar:C:\Selenium\workspace\TCoE_Project\lib\ReferencedLibraries\commons-codec-1.9.jar:C:\Selenium\workspace\TCoE_Project\lib\ReferencedLibraries\commons-collections-3.2.1.jar:C:\Selenium\workspace\TCoE_Project\lib\ReferencedLibraries\commons-exec-1.1.jar:C:\Selenium\workspace\TCoE_Project\lib\ReferencedLibraries\commons-io-2.4.jar:C:\Selenium\workspace\TCoE_Project\lib\ReferencedLibraries\commons-jxpath-1.3.jar:C:\Selenium\workspace\TCoE_Project\lib\ReferencedLibraries\commons-lang3-3.3.2.jar:C:\Selenium\workspace\TCoE_Project\lib\ReferencedLibraries\commons-lang3-3.4-javadoc.jar:C:\Selenium\workspace\TCoE_Project\lib\ReferencedLibraries\commons-lang3-3.4.jar:C:\Selenium\workspace\TCoE_Project\lib\ReferencedLibraries\commons-logging-1.1.3.jar:C:\Selenium\workspace\TCoE_Project\lib\ReferencedLibraries\cssparser-0.9.14.jar:C:\Selenium\workspace\TCoE_Project\lib\ReferencedLibraries\gson-2.3.1.jar:C:\Selenium\workspace\TCoE_Project\lib\ReferencedLibraries\guava-18.0.jar:C:\Selenium\workspace\TCoE_Project\lib\ReferencedLibraries\guava-base-r03.jar:C:\Selenium\workspace\TCoE_Project\lib\ReferencedLibraries\guava-collections-r03.jar:C:\Selenium\workspace\TCoE_Project\lib\ReferencedLibraries\guice-3.0.jar:C:\Selenium\workspace\TCoE_Project\lib\ReferencedLibraries\guice-assistedinject-3.0.jar:C:\Selenium\workspace\TCoE_Project\lib\ReferencedLibraries\guice-grapher-3.0.jar:C:\Selenium\workspace\TCoE_Project\lib\ReferencedLibraries\guice-jmx-3.0.jar:C:\Selenium\workspace\TCoE_Project\lib\ReferencedLibraries\guice-jndi-3.0.jar:C:\Selenium\workspace\TCoE_Project\lib\ReferencedLibraries\guice-multibindings-3.0.jar:C:\Selenium\workspace\TCoE_Project\lib\ReferencedLibraries\guice-persist-3.0.jar:C:\Selenium\workspace\TCoE_Project\lib\ReferencedLibraries\guice-servlet-3.0.jar:C:\Selenium\workspace\TCoE_Project\lib\ReferencedLibraries\guice-spring-3.0.jar:C:\Selenium\workspace\TCoE_Project\lib\ReferencedLibraries\guice-struts2-plugin-3.0.jar:C:\Selenium\workspace\TCoE_Project\lib\ReferencedLibraries\guice-throwingproviders-3.0.jar:C:\Selenium\workspace\TCoE_Project\lib\ReferencedLibraries\hamcrest-core-1.3.jar:C:\Selenium\workspace\TCoE_Project\lib\ReferencedLibraries\hamcrest-library-1.3.jar:C:\Selenium\workspace\TCoE_Project\lib\ReferencedLibraries\htmlunit-2.15.jar:C:\Selenium\workspace\TCoE_Project\lib\ReferencedLibraries\htmlunit-core-js-2.15.jar:C:\Selenium\workspace\TCoE_Project\lib\ReferencedLibraries\httpclient-4.3.6.jar:C:\Selenium\workspace\TCoE_Project\lib\ReferencedLibraries\httpcore-4.3.3.jar:C:\Selenium\workspace\TCoE_Project\lib\ReferencedLibraries\httpmime-4.3.6.jar:C:\Selenium\workspace\TCoE_Project\lib\ReferencedLibraries\ini4j-0.5.2.jar:C:\Selenium\workspace\TCoE_Project\lib\ReferencedLibraries\javax.inject.jar:C:\Selenium\workspace\TCoE_Project\lib\ReferencedLibraries\jcommander-1.29.jar:C:\Selenium\workspace\TCoE_Project\lib\ReferencedLibraries\jetty-websocket-8.1.8.jar:C:\Selenium\workspace\TCoE_Project\lib\ReferencedLibraries\jna-3.4.0.jar:C:\Selenium\workspace\TCoE_Project\lib\ReferencedLibraries\jna-platform-3.4.0.jar:C:\Selenium\workspace\TCoE_Project\lib\ReferencedLibraries\joox-1.2.0.jar:C:\Selenium\workspace\TCoE_Project\lib\ReferencedLibraries\junit-4.11.jar:C:\Selenium\workspace\TCoE_Project\lib\ReferencedLibraries\junit-4.12.jar:C:\Selenium\workspace\TCoE_Project\lib\ReferencedLibraries\junit-4.8.2.jar:C:\Selenium\workspace\TCoE_Project\lib\ReferencedLibraries\junit-dep-4.11.jar:C:\Selenium\workspace\TCoE_Project\lib\ReferencedLibraries\log4j-1.2.17.jar:C:\Selenium\workspace\TCoE_Project\lib\ReferencedLibraries\nekohtml-1.9.21.jar:C:\Selenium\workspace\TCoE_Project\lib\ReferencedLibraries\nekohtml-X.jar:C:\Selenium\workspace\TCoE_Project\lib\ReferencedLibraries\netty-3.5.7.Final.jar:C:\Selenium\workspace\TCoE_Project\lib\ReferencedLibraries\operadriver-1.5.jar:C:\Selenium\workspace\TCoE_Project\lib\ReferencedLibraries\phantomjsdriver-1.2.1.jar:C:\Selenium\workspace\TCoE_Project\lib\ReferencedLibraries\poi-3.11-20141221.jar:C:\Selenium\workspace\TCoE_Project\lib\ReferencedLibraries\poi-examples-3.11-20141221.jar:C:\Selenium\workspace\TCoE_Project\lib\ReferencedLibraries\poi-excelant-3.11-20141221.jar:C:\Selenium\workspace\TCoE_Project\lib\ReferencedLibraries\poi-ooxml-3.11-20141221.jar:C:\Selenium\workspace\TCoE_Project\lib\ReferencedLibraries\poi-ooxml-schemas-3.11-20141221.jar:C:\Selenium\workspace\TCoE_Project\lib\ReferencedLibraries\poi-scratchpad-3.11-20141221.jar:C:\Selenium\workspace\TCoE_Project\lib\ReferencedLibraries\protobuf-java-2.4.1.jar:C:\Selenium\workspace\TCoE_Project\lib\ReferencedLibraries\reportng-1.1.4.jar:C:\Selenium\workspace\TCoE_Project\lib\ReferencedLibraries\sac-1.3.jar:C:\Selenium\workspace\TCoE_Project\lib\ReferencedLibraries\saxon-8.7.jar:C:\Selenium\workspace\TCoE_Project\lib\ReferencedLibraries\selenium-chrome-driver-2.4.0.jar:C:\Selenium\workspace\TCoE_Project\lib\ReferencedLibraries\selenium-java-2.45.0-srcs.jar:C:\Selenium\workspace\TCoE_Project\lib\ReferencedLibraries\selenium-java-2.45.0.jar:C:\Selenium\workspace\TCoE_Project\lib\ReferencedLibraries\serializer-2.7.1.jar:C:\Selenium\workspace\TCoE_Project\lib\ReferencedLibraries\testng-6.8.5.jar:C:\Selenium\workspace\TCoE_Project\lib\ReferencedLibraries\testng-sources.jar:C:\Selenium\workspace\TCoE_Project\lib\ReferencedLibraries\testng.jar:C:\Selenium\workspace\TCoE_Project\lib\ReferencedLibraries\velocity-dep-1.4.jar:C:\Selenium\workspace\TCoE_Project\lib\ReferencedLibraries\xalan-2.7.1.jar:C:\Selenium\workspace\TCoE_Project\lib\ReferencedLibraries\xercesImpl-2.11.0.jar:C:\Selenium\workspace\TCoE_Project\lib\ReferencedLibraries\xml-apis-1.4.01.jar:C:\Selenium\workspace\TCoE_Project\lib\ReferencedLibraries\xmlbeans-2.6.0.jar
setClassPath:  duration 0 seconds

loadTestNG:
loadTestNG:  duration 0 seconds

compile:
     [echo] classpath:C:\Selenium\workspace\TCoE_Project:C:\Selenium\workspace\TCoE_Project\lib\ReferencedLibraries\SaxonLiaison.jar:C:\Selenium\workspace\TCoE_Project\lib\ReferencedLibraries\aopalliance.jar:C:\Selenium\workspace\TCoE_Project\lib\ReferencedLibraries\apache-mime4j-0.6.jar:C:\Selenium\workspace\TCoE_Project\lib\ReferencedLibraries\bsh-1.3.0.jar:C:\Selenium\workspace\TCoE_Project\lib\ReferencedLibraries\cglib-nodep-2.1_3.jar:C:\Selenium\workspace\TCoE_Project\lib\ReferencedLibraries\commons-codec-1.9.jar:C:\Selenium\workspace\TCoE_Project\lib\ReferencedLibraries\commons-collections-3.2.1.jar:C:\Selenium\workspace\TCoE_Project\lib\ReferencedLibraries\commons-exec-1.1.jar:C:\Selenium\workspace\TCoE_Project\lib\ReferencedLibraries\commons-io-2.4.jar:C:\Selenium\workspace\TCoE_Project\lib\ReferencedLibraries\commons-jxpath-1.3.jar:C:\Selenium\workspace\TCoE_Project\lib\ReferencedLibraries\commons-lang3-3.3.2.jar:C:\Selenium\workspace\TCoE_Project\lib\ReferencedLibraries\commons-lang3-3.4-javadoc.jar:C:\Selenium\workspace\TCoE_Project\lib\ReferencedLibraries\commons-lang3-3.4.jar:C:\Selenium\workspace\TCoE_Project\lib\ReferencedLibraries\commons-logging-1.1.3.jar:C:\Selenium\workspace\TCoE_Project\lib\ReferencedLibraries\cssparser-0.9.14.jar:C:\Selenium\workspace\TCoE_Project\lib\ReferencedLibraries\gson-2.3.1.jar:C:\Selenium\workspace\TCoE_Project\lib\ReferencedLibraries\guava-18.0.jar:C:\Selenium\workspace\TCoE_Project\lib\ReferencedLibraries\guava-base-r03.jar:C:\Selenium\workspace\TCoE_Project\lib\ReferencedLibraries\guava-collections-r03.jar:C:\Selenium\workspace\TCoE_Project\lib\ReferencedLibraries\guice-3.0.jar:C:\Selenium\workspace\TCoE_Project\lib\ReferencedLibraries\guice-assistedinject-3.0.jar:C:\Selenium\workspace\TCoE_Project\lib\ReferencedLibraries\guice-grapher-3.0.jar:C:\Selenium\workspace\TCoE_Project\lib\ReferencedLibraries\guice-jmx-3.0.jar:C:\Selenium\workspace\TCoE_Project\lib\ReferencedLibraries\guice-jndi-3.0.jar:C:\Selenium\workspace\TCoE_Project\lib\ReferencedLibraries\guice-multibindings-3.0.jar:C:\Selenium\workspace\TCoE_Project\lib\ReferencedLibraries\guice-persist-3.0.jar:C:\Selenium\workspace\TCoE_Project\lib\ReferencedLibraries\guice-servlet-3.0.jar:C:\Selenium\workspace\TCoE_Project\lib\ReferencedLibraries\guice-spring-3.0.jar:C:\Selenium\workspace\TCoE_Project\lib\ReferencedLibraries\guice-struts2-plugin-3.0.jar:C:\Selenium\workspace\TCoE_Project\lib\ReferencedLibraries\guice-throwingproviders-3.0.jar:C:\Selenium\workspace\TCoE_Project\lib\ReferencedLibraries\hamcrest-core-1.3.jar:C:\Selenium\workspace\TCoE_Project\lib\ReferencedLibraries\hamcrest-library-1.3.jar:C:\Selenium\workspace\TCoE_Project\lib\ReferencedLibraries\htmlunit-2.15.jar:C:\Selenium\workspace\TCoE_Project\lib\ReferencedLibraries\htmlunit-core-js-2.15.jar:C:\Selenium\workspace\TCoE_Project\lib\ReferencedLibraries\httpclient-4.3.6.jar:C:\Selenium\workspace\TCoE_Project\lib\ReferencedLibraries\httpcore-4.3.3.jar:C:\Selenium\workspace\TCoE_Project\lib\ReferencedLibraries\httpmime-4.3.6.jar:C:\Selenium\workspace\TCoE_Project\lib\ReferencedLibraries\ini4j-0.5.2.jar:C:\Selenium\workspace\TCoE_Project\lib\ReferencedLibraries\javax.inject.jar:C:\Selenium\workspace\TCoE_Project\lib\ReferencedLibraries\jcommander-1.29.jar:C:\Selenium\workspace\TCoE_Project\lib\ReferencedLibraries\jetty-websocket-8.1.8.jar:C:\Selenium\workspace\TCoE_Project\lib\ReferencedLibraries\jna-3.4.0.jar:C:\Selenium\workspace\TCoE_Project\lib\ReferencedLibraries\jna-platform-3.4.0.jar:C:\Selenium\workspace\TCoE_Project\lib\ReferencedLibraries\joox-1.2.0.jar:C:\Selenium\workspace\TCoE_Project\lib\ReferencedLibraries\junit-4.11.jar:C:\Selenium\workspace\TCoE_Project\lib\ReferencedLibraries\junit-4.12.jar:C:\Selenium\workspace\TCoE_Project\lib\ReferencedLibraries\junit-4.8.2.jar:C:\Selenium\workspace\TCoE_Project\lib\ReferencedLibraries\junit-dep-4.11.jar:C:\Selenium\workspace\TCoE_Project\lib\ReferencedLibraries\log4j-1.2.17.jar:C:\Selenium\workspace\TCoE_Project\lib\ReferencedLibraries\nekohtml-1.9.21.jar:C:\Selenium\workspace\TCoE_Project\lib\ReferencedLibraries\nekohtml-X.jar:C:\Selenium\workspace\TCoE_Project\lib\ReferencedLibraries\netty-3.5.7.Final.jar:C:\Selenium\workspace\TCoE_Project\lib\ReferencedLibraries\operadriver-1.5.jar:C:\Selenium\workspace\TCoE_Project\lib\ReferencedLibraries\phantomjsdriver-1.2.1.jar:C:\Selenium\workspace\TCoE_Project\lib\ReferencedLibraries\poi-3.11-20141221.jar:C:\Selenium\workspace\TCoE_Project\lib\ReferencedLibraries\poi-examples-3.11-20141221.jar:C:\Selenium\workspace\TCoE_Project\lib\ReferencedLibraries\poi-excelant-3.11-20141221.jar:C:\Selenium\workspace\TCoE_Project\lib\ReferencedLibraries\poi-ooxml-3.11-20141221.jar:C:\Selenium\workspace\TCoE_Project\lib\ReferencedLibraries\poi-ooxml-schemas-3.11-20141221.jar:C:\Selenium\workspace\TCoE_Project\lib\ReferencedLibraries\poi-scratchpad-3.11-20141221.jar:C:\Selenium\workspace\TCoE_Project\lib\ReferencedLibraries\protobuf-java-2.4.1.jar:C:\Selenium\workspace\TCoE_Project\lib\ReferencedLibraries\reportng-1.1.4.jar:C:\Selenium\workspace\TCoE_Project\lib\ReferencedLibraries\sac-1.3.jar:C:\Selenium\workspace\TCoE_Project\lib\ReferencedLibraries\saxon-8.7.jar:C:\Selenium\workspace\TCoE_Project\lib\ReferencedLibraries\selenium-chrome-driver-2.4.0.jar:C:\Selenium\workspace\TCoE_Project\lib\ReferencedLibraries\selenium-java-2.45.0-srcs.jar:C:\Selenium\workspace\TCoE_Project\lib\ReferencedLibraries\selenium-java-2.45.0.jar:C:\Selenium\workspace\TCoE_Project\lib\ReferencedLibraries\serializer-2.7.1.jar:C:\Selenium\workspace\TCoE_Project\lib\ReferencedLibraries\testng-6.8.5.jar:C:\Selenium\workspace\TCoE_Project\lib\ReferencedLibraries\testng-sources.jar:C:\Selenium\workspace\TCoE_Project\lib\ReferencedLibraries\testng.jar:C:\Selenium\workspace\TCoE_Project\lib\ReferencedLibraries\velocity-dep-1.4.jar:C:\Selenium\workspace\TCoE_Project\lib\ReferencedLibraries\xalan-2.7.1.jar:C:\Selenium\workspace\TCoE_Project\lib\ReferencedLibraries\xercesImpl-2.11.0.jar:C:\Selenium\workspace\TCoE_Project\lib\ReferencedLibraries\xml-apis-1.4.01.jar:C:\Selenium\workspace\TCoE_Project\lib\ReferencedLibraries\xmlbeans-2.6.0.jar
     [echo] compiling..........
    [javac] C:\Selenium\workspace\TCoE_Project\build.xml:37: warning: 'includeantruntime' was not set, defaulting to build.sysclasspath=last; set to false for repeatable builds
    [javac] actionLibrary\AddContractorPage.java added as actionLibrary\AddContractorPage.class doesn't exist.
    [javac] actionLibrary\CashBenefitProgram.java added as actionLibrary\CashBenefitProgram.class doesn't exist.
    [javac] actionLibrary\ChildCareLogin.java added as actionLibrary\ChildCareLogin.class doesn't exist.
    [javac] actionLibrary\TaxJurisdictionCode.java added as actionLibrary\TaxJurisdictionCode.class doesn't exist.
    [javac] actionLibrary\WorkerWebCommonFlow.java added as actionLibrary\WorkerWebCommonFlow.class doesn't exist.
    [javac] automationFramework\ExcelUtils.java added as automationFramework\ExcelUtils.class doesn't exist.
    [javac] automationFramework\SelectBrowser.java added as automationFramework\SelectBrowser.class doesn't exist.
    [javac] automationFramework\Util.java added as automationFramework\Util.class doesn't exist.
    [javac] com\tcoe\tests\AddNewContractor.java added as com\tcoe\tests\AddNewContractor.class doesn't exist.
    [javac] com\tcoe\tests\CaseCreationWithCashBenefitProgram.java added as com\tcoe\tests\CaseCreationWithCashBenefitProgram.class doesn't exist.
    [javac] com\tcoe\tests\DTE_EnterHours.java added as com\tcoe\tests\DTE_EnterHours.class doesn't exist.
    [javac] com\tcoe\tests\DTE_TimeEntry.java added as com\tcoe\tests\DTE_TimeEntry.class doesn't exist.
    [javac] com\tcoe\tests\Test1.java added as com\tcoe\tests\Test1.class doesn't exist.
    [javac] configuration\Automation.java added as configuration\Automation.class doesn't exist.
    [javac] configuration\ConfigurationManager.java added as configuration\ConfigurationManager.class doesn't exist.
    [javac] configuration\Constant.java added as configuration\Constant.class doesn't exist.
    [javac] C:\Selenium\workspace\TCoE_Project\src\configuration\TestConfig_SAT.xml skipped - don't know how to handle it
    [javac] configuration\TestingCoE.java added as configuration\TestingCoE.class doesn't exist.
    [javac] configuration\TypeOfEnvironment.java added as configuration\TypeOfEnvironment.class doesn't exist.
    [javac] errorHandling\ErrorHandler.java added as errorHandling\ErrorHandler.class doesn't exist.
    [javac] objectRepository\CaptureObjects.java added as objectRepository\CaptureObjects.class doesn't exist.
    [javac] objectRepository\ObjectMap.java added as objectRepository\ObjectMap.class doesn't exist.
    [javac] objectRepository\RepositoryGenerator.java added as objectRepository\RepositoryGenerator.class doesn't exist.
    [javac] C:\Selenium\workspace\TCoE_Project\src\testData\TestData.xlsx skipped - don't know how to handle it
    [javac] C:\Selenium\workspace\TCoE_Project\src\testData\TestData_Delaware.xlsx skipped - don't know how to handle it
    [javac] C:\Selenium\workspace\TCoE_Project\src\testData\~$TestData_Delaware.xlsx skipped - don't know how to handle it
    [javac] utility\CurrentDateAndMonth.java added as utility\CurrentDateAndMonth.class doesn't exist.
    [javac] utility\Listener.java added as utility\Listener.class doesn't exist.
    [javac] utility\Listeners.java added as utility\Listeners.class doesn't exist.
    [javac] utility\PasswordDecrypter.java added as utility\PasswordDecrypter.class doesn't exist.
    [javac] utility\RandomCharacterGeneration.java added as utility\RandomCharacterGeneration.class doesn't exist.
    [javac] utility\ReportUtils.java added as utility\ReportUtils.class doesn't exist.
    [javac] utility\Utils.java added as utility\Utils.class doesn't exist.
    [javac] utility\XMLHelper.java added as utility\XMLHelper.class doesn't exist.
    [javac] C:\Selenium\workspace\TCoE_Project\src\xslt\testng-results.xsl skipped - don't know how to handle it
    [javac] Compiling 30 source files to C:\Selenium\workspace\TCoE_Project\build
    [javac] Using modern compiler
    [javac] Compilation arguments:
'-d'
'C:\Selenium\workspace\TCoE_Project\build'
'-classpath'
'C:\Selenium\workspace\TCoE_Project\build;C:\Selenium\workspace\TCoE_Project;C:\Selenium\workspace\TCoE_Project\lib\ReferencedLibraries\SaxonLiaison.jar;C:\Selenium\workspace\TCoE_Project\lib\ReferencedLibraries\aopalliance.jar;C:\Selenium\workspace\TCoE_Project\lib\ReferencedLibraries\apache-mime4j-0.6.jar;C:\Selenium\workspace\TCoE_Project\lib\ReferencedLibraries\bsh-1.3.0.jar;C:\Selenium\workspace\TCoE_Project\lib\ReferencedLibraries\cglib-nodep-2.1_3.jar;C:\Selenium\workspace\TCoE_Project\lib\ReferencedLibraries\commons-codec-1.9.jar;C:\Selenium\workspace\TCoE_Project\lib\ReferencedLibraries\commons-collections-3.2.1.jar;C:\Selenium\workspace\TCoE_Project\lib\ReferencedLibraries\commons-exec-1.1.jar;C:\Selenium\workspace\TCoE_Project\lib\ReferencedLibraries\commons-io-2.4.jar;C:\Selenium\workspace\TCoE_Project\lib\ReferencedLibraries\commons-jxpath-1.3.jar;C:\Selenium\workspace\TCoE_Project\lib\ReferencedLibraries\commons-lang3-3.3.2.jar;C:\Selenium\workspace\TCoE_Project\lib\ReferencedLibraries\commons-lang3-3.4-javadoc.jar;C:\Selenium\workspace\TCoE_Project\lib\ReferencedLibraries\commons-lang3-3.4.jar;C:\Selenium\workspace\TCoE_Project\lib\ReferencedLibraries\commons-logging-1.1.3.jar;C:\Selenium\workspace\TCoE_Project\lib\ReferencedLibraries\cssparser-0.9.14.jar;C:\Selenium\workspace\TCoE_Project\lib\ReferencedLibraries\gson-2.3.1.jar;C:\Selenium\workspace\TCoE_Project\lib\ReferencedLibraries\guava-18.0.jar;C:\Selenium\workspace\TCoE_Project\lib\ReferencedLibraries\guava-base-r03.jar;C:\Selenium\workspace\TCoE_Project\lib\ReferencedLibraries\guava-collections-r03.jar;C:\Selenium\workspace\TCoE_Project\lib\ReferencedLibraries\guice-3.0.jar;C:\Selenium\workspace\TCoE_Project\lib\ReferencedLibraries\guice-assistedinject-3.0.jar;C:\Selenium\workspace\TCoE_Project\lib\ReferencedLibraries\guice-grapher-3.0.jar;C:\Selenium\workspace\TCoE_Project\lib\ReferencedLibraries\guice-jmx-3.0.jar;C:\Selenium\workspace\TCoE_Project\lib\ReferencedLibraries\guice-jndi-3.0.jar;C:\Selenium\workspace\TCoE_Project\lib\ReferencedLibraries\guice-multibindings-3.0.jar;C:\Selenium\workspace\TCoE_Project\lib\ReferencedLibraries\guice-persist-3.0.jar;C:\Selenium\workspace\TCoE_Project\lib\ReferencedLibraries\guice-servlet-3.0.jar;C:\Selenium\workspace\TCoE_Project\lib\ReferencedLibraries\guice-spring-3.0.jar;C:\Selenium\workspace\TCoE_Project\lib\ReferencedLibraries\guice-struts2-plugin-3.0.jar;C:\Selenium\workspace\TCoE_Project\lib\ReferencedLibraries\guice-throwingproviders-3.0.jar;C:\Selenium\workspace\TCoE_Project\lib\ReferencedLibraries\hamcrest-core-1.3.jar;C:\Selenium\workspace\TCoE_Project\lib\ReferencedLibraries\hamcrest-library-1.3.jar;C:\Selenium\workspace\TCoE_Project\lib\ReferencedLibraries\htmlunit-2.15.jar;C:\Selenium\workspace\TCoE_Project\lib\ReferencedLibraries\htmlunit-core-js-2.15.jar;C:\Selenium\workspace\TCoE_Project\lib\ReferencedLibraries\httpclient-4.3.6.jar;C:\Selenium\workspace\TCoE_Project\lib\ReferencedLibraries\httpcore-4.3.3.jar;C:\Selenium\workspace\TCoE_Project\lib\ReferencedLibraries\httpmime-4.3.6.jar;C:\Selenium\workspace\TCoE_Project\lib\ReferencedLibraries\ini4j-0.5.2.jar;C:\Selenium\workspace\TCoE_Project\lib\ReferencedLibraries\javax.inject.jar;C:\Selenium\workspace\TCoE_Project\lib\ReferencedLibraries\jcommander-1.29.jar;C:\Selenium\workspace\TCoE_Project\lib\ReferencedLibraries\jetty-websocket-8.1.8.jar;C:\Selenium\workspace\TCoE_Project\lib\ReferencedLibraries\jna-3.4.0.jar;C:\Selenium\workspace\TCoE_Project\lib\ReferencedLibraries\jna-platform-3.4.0.jar;C:\Selenium\workspace\TCoE_Project\lib\ReferencedLibraries\joox-1.2.0.jar;C:\Selenium\workspace\TCoE_Project\lib\ReferencedLibraries\junit-4.11.jar;C:\Selenium\workspace\TCoE_Project\lib\ReferencedLibraries\junit-4.12.jar;C:\Selenium\workspace\TCoE_Project\lib\ReferencedLibraries\junit-4.8.2.jar;C:\Selenium\workspace\TCoE_Project\lib\ReferencedLibraries\junit-dep-4.11.jar;C:\Selenium\workspace\TCoE_Project\lib\ReferencedLibraries\log4j-1.2.17.jar;C:\Selenium\workspace\TCoE_Project\lib\ReferencedLibraries\nekohtml-1.9.21.jar;C:\Selenium\workspace\TCoE_Project\lib\ReferencedLibraries\nekohtml-X.jar;C:\Selenium\workspace\TCoE_Project\lib\ReferencedLibraries\netty-3.5.7.Final.jar;C:\Selenium\workspace\TCoE_Project\lib\ReferencedLibraries\operadriver-1.5.jar;C:\Selenium\workspace\TCoE_Project\lib\ReferencedLibraries\phantomjsdriver-1.2.1.jar;C:\Selenium\workspace\TCoE_Project\lib\ReferencedLibraries\poi-3.11-20141221.jar;C:\Selenium\workspace\TCoE_Project\lib\ReferencedLibraries\poi-examples-3.11-20141221.jar;C:\Selenium\workspace\TCoE_Project\lib\ReferencedLibraries\poi-excelant-3.11-20141221.jar;C:\Selenium\workspace\TCoE_Project\lib\ReferencedLibraries\poi-ooxml-3.11-20141221.jar;C:\Selenium\workspace\TCoE_Project\lib\ReferencedLibraries\poi-ooxml-schemas-3.11-20141221.jar;C:\Selenium\workspace\TCoE_Project\lib\ReferencedLibraries\poi-scratchpad-3.11-20141221.jar;C:\Selenium\workspace\TCoE_Project\lib\ReferencedLibraries\protobuf-java-2.4.1.jar;C:\Selenium\workspace\TCoE_Project\lib\ReferencedLibraries\reportng-1.1.4.jar;C:\Selenium\workspace\TCoE_Project\lib\ReferencedLibraries\sac-1.3.jar;C:\Selenium\workspace\TCoE_Project\lib\ReferencedLibraries\saxon-8.7.jar;C:\Selenium\workspace\TCoE_Project\lib\ReferencedLibraries\selenium-chrome-driver-2.4.0.jar;C:\Selenium\workspace\TCoE_Project\lib\ReferencedLibraries\selenium-java-2.45.0-srcs.jar;C:\Selenium\workspace\TCoE_Project\lib\ReferencedLibraries\selenium-java-2.45.0.jar;C:\Selenium\workspace\TCoE_Project\lib\ReferencedLibraries\serializer-2.7.1.jar;C:\Selenium\workspace\TCoE_Project\lib\ReferencedLibraries\testng-6.8.5.jar;C:\Selenium\workspace\TCoE_Project\lib\ReferencedLibraries\testng-sources.jar;C:\Selenium\workspace\TCoE_Project\lib\ReferencedLibraries\testng.jar;C:\Selenium\workspace\TCoE_Project\lib\ReferencedLibraries\velocity-dep-1.4.jar;C:\Selenium\workspace\TCoE_Project\lib\ReferencedLibraries\xalan-2.7.1.jar;C:\Selenium\workspace\TCoE_Project\lib\ReferencedLibraries\xercesImpl-2.11.0.jar;C:\Selenium\workspace\TCoE_Project\lib\ReferencedLibraries\xml-apis-1.4.01.jar;C:\Selenium\workspace\TCoE_Project\lib\ReferencedLibraries\xmlbeans-2.6.0.jar;C:\Selenium\JAR Files\Apache-ANT-1.9.4\lib\ant-launcher.jar;C:\Selenium\JAR Files\Apache-ANT-1.9.4\lib\ant-antlr.jar;C:\Selenium\JAR Files\Apache-ANT-1.9.4\lib\ant-apache-bcel.jar;C:\Selenium\JAR Files\Apache-ANT-1.9.4\lib\ant-apache-bsf.jar;C:\Selenium\JAR Files\Apache-ANT-1.9.4\lib\ant-apache-log4j.jar;C:\Selenium\JAR Files\Apache-ANT-1.9.4\lib\ant-apache-oro.jar;C:\Selenium\JAR Files\Apache-ANT-1.9.4\lib\ant-apache-regexp.jar;C:\Selenium\JAR Files\Apache-ANT-1.9.4\lib\ant-apache-resolver.jar;C:\Selenium\JAR Files\Apache-ANT-1.9.4\lib\ant-apache-xalan2.jar;C:\Selenium\JAR Files\Apache-ANT-1.9.4\lib\ant-commons-logging.jar;C:\Selenium\JAR Files\Apache-ANT-1.9.4\lib\ant-commons-net.jar;C:\Selenium\JAR Files\Apache-ANT-1.9.4\lib\ant-jai.jar;C:\Selenium\JAR Files\Apache-ANT-1.9.4\lib\ant-javamail.jar;C:\Selenium\JAR Files\Apache-ANT-1.9.4\lib\ant-jdepend.jar;C:\Selenium\JAR Files\Apache-ANT-1.9.4\lib\ant-jmf.jar;C:\Selenium\JAR Files\Apache-ANT-1.9.4\lib\ant-jsch.jar;C:\Selenium\JAR Files\Apache-ANT-1.9.4\lib\ant-junit.jar;C:\Selenium\JAR Files\Apache-ANT-1.9.4\lib\ant-junit4.jar;C:\Selenium\JAR Files\Apache-ANT-1.9.4\lib\ant-netrexx.jar;C:\Selenium\JAR Files\Apache-ANT-1.9.4\lib\ant-swing.jar;C:\Selenium\JAR Files\Apache-ANT-1.9.4\lib\ant-testutil.jar;C:\Selenium\JAR Files\Apache-ANT-1.9.4\lib\ant.jar;C:\Program Files\Java\jdk1.8.0_31\lib\tools.jar'
'-sourcepath'
'C:\Selenium\workspace\TCoE_Project\src'
'-g:none'

The ' characters around the executable and arguments are
not part of the command.
    [javac] Files to be compiled:
    C:\Selenium\workspace\TCoE_Project\src\actionLibrary\AddContractorPage.java
    C:\Selenium\workspace\TCoE_Project\src\actionLibrary\CashBenefitProgram.java
    C:\Selenium\workspace\TCoE_Project\src\actionLibrary\ChildCareLogin.java
    C:\Selenium\workspace\TCoE_Project\src\actionLibrary\TaxJurisdictionCode.java
    C:\Selenium\workspace\TCoE_Project\src\actionLibrary\WorkerWebCommonFlow.java
    C:\Selenium\workspace\TCoE_Project\src\automationFramework\ExcelUtils.java
    C:\Selenium\workspace\TCoE_Project\src\automationFramework\SelectBrowser.java
    C:\Selenium\workspace\TCoE_Project\src\automationFramework\Util.java
    C:\Selenium\workspace\TCoE_Project\src\com\tcoe\tests\AddNewContractor.java
    C:\Selenium\workspace\TCoE_Project\src\com\tcoe\tests\CaseCreationWithCashBenefitProgram.java
    C:\Selenium\workspace\TCoE_Project\src\com\tcoe\tests\DTE_EnterHours.java
    C:\Selenium\workspace\TCoE_Project\src\com\tcoe\tests\DTE_TimeEntry.java
    C:\Selenium\workspace\TCoE_Project\src\com\tcoe\tests\Test1.java
    C:\Selenium\workspace\TCoE_Project\src\configuration\Automation.java
    C:\Selenium\workspace\TCoE_Project\src\configuration\ConfigurationManager.java
    C:\Selenium\workspace\TCoE_Project\src\configuration\Constant.java
    C:\Selenium\workspace\TCoE_Project\src\configuration\TestingCoE.java
    C:\Selenium\workspace\TCoE_Project\src\configuration\TypeOfEnvironment.java
    C:\Selenium\workspace\TCoE_Project\src\errorHandling\ErrorHandler.java
    C:\Selenium\workspace\TCoE_Project\src\objectRepository\CaptureObjects.java
    C:\Selenium\workspace\TCoE_Project\src\objectRepository\ObjectMap.java
    C:\Selenium\workspace\TCoE_Project\src\objectRepository\RepositoryGenerator.java
    C:\Selenium\workspace\TCoE_Project\src\utility\CurrentDateAndMonth.java
    C:\Selenium\workspace\TCoE_Project\src\utility\Listener.java
    C:\Selenium\workspace\TCoE_Project\src\utility\Listeners.java
    C:\Selenium\workspace\TCoE_Project\src\utility\PasswordDecrypter.java
    C:\Selenium\workspace\TCoE_Project\src\utility\RandomCharacterGeneration.java
    C:\Selenium\workspace\TCoE_Project\src\utility\ReportUtils.java
    C:\Selenium\workspace\TCoE_Project\src\utility\Utils.java
    C:\Selenium\workspace\TCoE_Project\src\utility\XMLHelper.java
    [javac] C:\Selenium\workspace\TCoE_Project\src\com\tcoe\tests\AddNewContractor.java:25: warning: logging is internal proprietary API and may be removed in a future release
    [javac] import sun.util.logging.resources.logging;
    [javac]                                  ^
    [javac] C:\Selenium\workspace\TCoE_Project\src\com\tcoe\tests\CaseCreationWithCashBenefitProgram.java:27: warning: logging is internal proprietary API and may be removed in a future release
    [javac] import sun.util.logging.resources.logging;
    [javac]                                  ^
    [javac] 2 warnings
compile:  duration 3 seconds

runTests:
   [testng] Executing 'C:\Program Files\Java\jdk1.8.0_31\jre\bin\java.exe' with arguments:
'-ea'
'-classpath'
'C:\Selenium\workspace\TCoE_Project;C:\Selenium\workspace\TCoE_Project\lib\ReferencedLibraries\SaxonLiaison.jar;C:\Selenium\workspace\TCoE_Project\lib\ReferencedLibraries\aopalliance.jar;C:\Selenium\workspace\TCoE_Project\lib\ReferencedLibraries\apache-mime4j-0.6.jar;C:\Selenium\workspace\TCoE_Project\lib\ReferencedLibraries\bsh-1.3.0.jar;C:\Selenium\workspace\TCoE_Project\lib\ReferencedLibraries\cglib-nodep-2.1_3.jar;C:\Selenium\workspace\TCoE_Project\lib\ReferencedLibraries\commons-codec-1.9.jar;C:\Selenium\workspace\TCoE_Project\lib\ReferencedLibraries\commons-collections-3.2.1.jar;C:\Selenium\workspace\TCoE_Project\lib\ReferencedLibraries\commons-exec-1.1.jar;C:\Selenium\workspace\TCoE_Project\lib\ReferencedLibraries\commons-io-2.4.jar;C:\Selenium\workspace\TCoE_Project\lib\ReferencedLibraries\commons-jxpath-1.3.jar;C:\Selenium\workspace\TCoE_Project\lib\ReferencedLibraries\commons-lang3-3.3.2.jar;C:\Selenium\workspace\TCoE_Project\lib\ReferencedLibraries\commons-lang3-3.4-javadoc.jar;C:\Selenium\workspace\TCoE_Project\lib\ReferencedLibraries\commons-lang3-3.4.jar;C:\Selenium\workspace\TCoE_Project\lib\ReferencedLibraries\commons-logging-1.1.3.jar;C:\Selenium\workspace\TCoE_Project\lib\ReferencedLibraries\cssparser-0.9.14.jar;C:\Selenium\workspace\TCoE_Project\lib\ReferencedLibraries\gson-2.3.1.jar;C:\Selenium\workspace\TCoE_Project\lib\ReferencedLibraries\guava-18.0.jar;C:\Selenium\workspace\TCoE_Project\lib\ReferencedLibraries\guava-base-r03.jar;C:\Selenium\workspace\TCoE_Project\lib\ReferencedLibraries\guava-collections-r03.jar;C:\Selenium\workspace\TCoE_Project\lib\ReferencedLibraries\guice-3.0.jar;C:\Selenium\workspace\TCoE_Project\lib\ReferencedLibraries\guice-assistedinject-3.0.jar;C:\Selenium\workspace\TCoE_Project\lib\ReferencedLibraries\guice-grapher-3.0.jar;C:\Selenium\workspace\TCoE_Project\lib\ReferencedLibraries\guice-jmx-3.0.jar;C:\Selenium\workspace\TCoE_Project\lib\ReferencedLibraries\guice-jndi-3.0.jar;C:\Selenium\workspace\TCoE_Project\lib\ReferencedLibraries\guice-multibindings-3.0.jar;C:\Selenium\workspace\TCoE_Project\lib\ReferencedLibraries\guice-persist-3.0.jar;C:\Selenium\workspace\TCoE_Project\lib\ReferencedLibraries\guice-servlet-3.0.jar;C:\Selenium\workspace\TCoE_Project\lib\ReferencedLibraries\guice-spring-3.0.jar;C:\Selenium\workspace\TCoE_Project\lib\ReferencedLibraries\guice-struts2-plugin-3.0.jar;C:\Selenium\workspace\TCoE_Project\lib\ReferencedLibraries\guice-throwingproviders-3.0.jar;C:\Selenium\workspace\TCoE_Project\lib\ReferencedLibraries\hamcrest-core-1.3.jar;C:\Selenium\workspace\TCoE_Project\lib\ReferencedLibraries\hamcrest-library-1.3.jar;C:\Selenium\workspace\TCoE_Project\lib\ReferencedLibraries\htmlunit-2.15.jar;C:\Selenium\workspace\TCoE_Project\lib\ReferencedLibraries\htmlunit-core-js-2.15.jar;C:\Selenium\workspace\TCoE_Project\lib\ReferencedLibraries\httpclient-4.3.6.jar;C:\Selenium\workspace\TCoE_Project\lib\ReferencedLibraries\httpcore-4.3.3.jar;C:\Selenium\workspace\TCoE_Project\lib\ReferencedLibraries\httpmime-4.3.6.jar;C:\Selenium\workspace\TCoE_Project\lib\ReferencedLibraries\ini4j-0.5.2.jar;C:\Selenium\workspace\TCoE_Project\lib\ReferencedLibraries\javax.inject.jar;C:\Selenium\workspace\TCoE_Project\lib\ReferencedLibraries\jcommander-1.29.jar;C:\Selenium\workspace\TCoE_Project\lib\ReferencedLibraries\jetty-websocket-8.1.8.jar;C:\Selenium\workspace\TCoE_Project\lib\ReferencedLibraries\jna-3.4.0.jar;C:\Selenium\workspace\TCoE_Project\lib\ReferencedLibraries\jna-platform-3.4.0.jar;C:\Selenium\workspace\TCoE_Project\lib\ReferencedLibraries\joox-1.2.0.jar;C:\Selenium\workspace\TCoE_Project\lib\ReferencedLibraries\junit-4.11.jar;C:\Selenium\workspace\TCoE_Project\lib\ReferencedLibraries\junit-4.12.jar;C:\Selenium\workspace\TCoE_Project\lib\ReferencedLibraries\junit-4.8.2.jar;C:\Selenium\workspace\TCoE_Project\lib\ReferencedLibraries\junit-dep-4.11.jar;C:\Selenium\workspace\TCoE_Project\lib\ReferencedLibraries\log4j-1.2.17.jar;C:\Selenium\workspace\TCoE_Project\lib\ReferencedLibraries\nekohtml-1.9.21.jar;C:\Selenium\workspace\TCoE_Project\lib\ReferencedLibraries\nekohtml-X.jar;C:\Selenium\workspace\TCoE_Project\lib\ReferencedLibraries\netty-3.5.7.Final.jar;C:\Selenium\workspace\TCoE_Project\lib\ReferencedLibraries\operadriver-1.5.jar;C:\Selenium\workspace\TCoE_Project\lib\ReferencedLibraries\phantomjsdriver-1.2.1.jar;C:\Selenium\workspace\TCoE_Project\lib\ReferencedLibraries\poi-3.11-20141221.jar;C:\Selenium\workspace\TCoE_Project\lib\ReferencedLibraries\poi-examples-3.11-20141221.jar;C:\Selenium\workspace\TCoE_Project\lib\ReferencedLibraries\poi-excelant-3.11-20141221.jar;C:\Selenium\workspace\TCoE_Project\lib\ReferencedLibraries\poi-ooxml-3.11-20141221.jar;C:\Selenium\workspace\TCoE_Project\lib\ReferencedLibraries\poi-ooxml-schemas-3.11-20141221.jar;C:\Selenium\workspace\TCoE_Project\lib\ReferencedLibraries\poi-scratchpad-3.11-20141221.jar;C:\Selenium\workspace\TCoE_Project\lib\ReferencedLibraries\protobuf-java-2.4.1.jar;C:\Selenium\workspace\TCoE_Project\lib\ReferencedLibraries\reportng-1.1.4.jar;C:\Selenium\workspace\TCoE_Project\lib\ReferencedLibraries\sac-1.3.jar;C:\Selenium\workspace\TCoE_Project\lib\ReferencedLibraries\saxon-8.7.jar;C:\Selenium\workspace\TCoE_Project\lib\ReferencedLibraries\selenium-chrome-driver-2.4.0.jar;C:\Selenium\workspace\TCoE_Project\lib\ReferencedLibraries\selenium-java-2.45.0-srcs.jar;C:\Selenium\workspace\TCoE_Project\lib\ReferencedLibraries\selenium-java-2.45.0.jar;C:\Selenium\workspace\TCoE_Project\lib\ReferencedLibraries\serializer-2.7.1.jar;C:\Selenium\workspace\TCoE_Project\lib\ReferencedLibraries\testng-6.8.5.jar;C:\Selenium\workspace\TCoE_Project\lib\ReferencedLibraries\testng-sources.jar;C:\Selenium\workspace\TCoE_Project\lib\ReferencedLibraries\testng.jar;C:\Selenium\workspace\TCoE_Project\lib\ReferencedLibraries\velocity-dep-1.4.jar;C:\Selenium\workspace\TCoE_Project\lib\ReferencedLibraries\xalan-2.7.1.jar;C:\Selenium\workspace\TCoE_Project\lib\ReferencedLibraries\xercesImpl-2.11.0.jar;C:\Selenium\workspace\TCoE_Project\lib\ReferencedLibraries\xml-apis-1.4.01.jar;C:\Selenium\workspace\TCoE_Project\lib\ReferencedLibraries\xmlbeans-2.6.0.jar;C:\Selenium\workspace\TCoE_Project\build'
'org.testng.TestNG'
'@C:\Users\tapdas\AppData\Local\Temp\testng6105506837740735587'

The ' characters around the executable and arguments are
not part of the command.
   [testng] [TestNG] Running:
   [testng]   C:\Selenium\workspace\TCoE_Project\testng.xml
   [testng] 
   [testng] Contractor Status Before: Open
   [testng] Contractor Status Before: Contracted
   [testng] org.openqa.selenium.interactions.MoveTargetOutOfBoundsException: Element cannot be scrolled into view:[object HTMLDivElement]
   [testng] Command duration or timeout: 123 milliseconds
   [testng] Build info: version: '2.45.0', revision: '32a636c', time: '2015-03-05 22:01:35'
   [testng] System info: host: 'USBLRTAPDAS1', ip: '172.27.245.49', os.name: 'Windows 7', os.arch: 'amd64', os.version: '6.1', java.version: '1.8.0_31'
   [testng] Driver info: org.openqa.selenium.firefox.FirefoxDriver
   [testng] Capabilities [{applicationCacheEnabled=true, rotatable=false, handlesAlerts=true, databaseEnabled=true, version=33.1.1, platform=WINDOWS, nativeEvents=true, acceptSslCerts=true, webStorageEnabled=true, locationContextEnabled=true, browserName=firefox, takesScreenshot=true, javascriptEnabled=true, cssSelectorsEnabled=true}]
   [testng] Session ID: c641b3e0-b216-484e-b53e-3e26a8b3d3f3
   [testng] 
   [testng] org.openqa.selenium.ElementNotVisibleException: Element is not currently visible and so may not be interacted with
   [testng] Command duration or timeout: 30.17 seconds
   [testng] Build info: version: '2.45.0', revision: '32a636c', time: '2015-03-05 22:01:35'
   [testng] System info: host: 'USBLRTAPDAS1', ip: '172.27.245.49', os.name: 'Windows 7', os.arch: 'amd64', os.version: '6.1', java.version: '1.8.0_31'
   [testng] Driver info: org.openqa.selenium.firefox.FirefoxDriver
   [testng] Capabilities [{applicationCacheEnabled=true, rotatable=false, handlesAlerts=true, databaseEnabled=true, version=33.1.1, platform=WINDOWS, nativeEvents=true, acceptSslCerts=true, webStorageEnabled=true, locationContextEnabled=true, browserName=firefox, takesScreenshot=true, javascriptEnabled=true, cssSelectorsEnabled=true}]
   [testng] Session ID: 8f0107e0-d276-46cf-b3b5-d18d8c5231a3
   [testng] 
   [testng] 
   [testng] ===============================================
   [testng] Suite
   [testng] Total tests run: 2, Failures: 2, Skips: 0
   [testng] ===============================================
   [testng] 
   [testng] The tests failed.
runTests:  duration 3 minutes 43 seconds

report:
   [delete] Deleting directory C:\Selenium\workspace\TCoE_Project\testng-xslt
   [delete] Deleting C:\Selenium\workspace\TCoE_Project\testng-xslt\index.html
   [delete] Deleting C:\Selenium\workspace\TCoE_Project\testng-xslt\main.js
   [delete] Deleting C:\Selenium\workspace\TCoE_Project\testng-xslt\navigation.html
   [delete] Deleting C:\Selenium\workspace\TCoE_Project\testng-xslt\overview-chart.svg
   [delete] Deleting C:\Selenium\workspace\TCoE_Project\testng-xslt\overview.html
   [delete] Deleting C:\Selenium\workspace\TCoE_Project\testng-xslt\Report.zip
   [delete] Deleting C:\Selenium\workspace\TCoE_Project\testng-xslt\reporterOutput.html
   [delete] Deleting C:\Selenium\workspace\TCoE_Project\testng-xslt\style.css
   [delete] Deleting C:\Selenium\workspace\TCoE_Project\testng-xslt\Suite.html
   [delete] Deleting C:\Selenium\workspace\TCoE_Project\testng-xslt\Suite_groups.html
   [delete] Deleting C:\Selenium\workspace\TCoE_Project\testng-xslt\Suite_Test.html
   [delete] Deleting directory C:\Selenium\workspace\TCoE_Project\testng-xslt
    [mkdir] Created dir: C:\Selenium\workspace\TCoE_Project\testng-xslt
     [xslt] Using class SaxonLiaison
     [xslt] Processing C:\Selenium\workspace\TCoE_Project\test-output\testng-results.xml to C:\Selenium\workspace\TCoE_Project\testng-xslt\index.html
     [xslt] Loading stylesheet C:\Selenium\workspace\TCoE_Project\src\xslt\testng-results.xsl
report:  duration 1 second

RunAndViewReport:
     [exec] Current OS is Windows 7
     [exec] Executing 'C:\Program Files (x86)\Mozilla Firefox\firefox' with arguments:
'file:///C:\Selenium\workspace\TCoE_Project/testng-xslt/index.html'

The ' characters around the executable and arguments are
not part of the command.
spawned process java.lang.ProcessImpl@3bcd426c
RunAndViewReport:  duration 1 second

sendMail:
      [zip] Building zip: C:\Selenium\workspace\TCoE_Project\testng-xslt\Report.zip
      [zip] adding entry Suite.html
      [zip] adding entry Suite_Test.html
      [zip] adding entry Suite_groups.html
      [zip] adding entry index.html
      [zip] adding entry main.js
      [zip] adding entry navigation.html
      [zip] adding entry overview-chart.svg
      [zip] adding entry overview.html
      [zip] adding entry reporterOutput.html
      [zip] adding entry style.css
     [mail] Failed to send email: javax.mail.internet.MimeMessage
sendMail:  duration 0 seconds

BUILD FAILED

C:\Selenium\workspace\TCoE_Project\build.xml:63: java.lang.ClassNotFoundException: javax.mail.internet.MimeMessage
	at org.apache.tools.ant.taskdefs.email.EmailTask.execute(EmailTask.java:591)
	at org.apache.tools.ant.UnknownElement.execute(UnknownElement.java:292)
	at sun.reflect.GeneratedMethodAccessor4.invoke(Unknown Source)
	at sun.reflect.DelegatingMethodAccessorImpl.invoke(DelegatingMethodAccessorImpl.java:43)
	at java.lang.reflect.Method.invoke(Method.java:483)
	at org.apache.tools.ant.dispatch.DispatchUtils.execute(DispatchUtils.java:106)
	at org.apache.tools.ant.Task.perform(Task.java:348)
	at org.apache.tools.ant.Target.execute(Target.java:435)
	at org.apache.tools.ant.Target.performTasks(Target.java:456)
	at org.apache.tools.ant.Project.executeSortedTargets(Project.java:1393)
	at org.apache.tools.ant.Project.executeTarget(Project.java:1364)
	at org.apache.tools.ant.helper.DefaultExecutor.executeTargets(DefaultExecutor.java:41)
	at org.apache.tools.ant.Project.executeTargets(Project.java:1248)
	at org.apache.tools.ant.Main.runBuild(Main.java:851)
	at org.apache.tools.ant.Main.startAnt(Main.java:235)
	at org.apache.tools.ant.launch.Launcher.run(Launcher.java:280)
	at org.apache.tools.ant.launch.Launcher.main(Launcher.java:109)
Caused by: java.lang.ClassNotFoundException: javax.mail.internet.MimeMessage
	at java.net.URLClassLoader$1.run(URLClassLoader.java:372)
	at java.net.URLClassLoader$1.run(URLClassLoader.java:361)
	at java.security.AccessController.doPrivileged(Native Method)
	at java.net.URLClassLoader.findClass(URLClassLoader.java:360)
	at java.lang.ClassLoader.loadClass(ClassLoader.java:424)
	at java.lang.ClassLoader.loadClass(ClassLoader.java:357)
	at java.lang.Class.forName0(Native Method)
	at java.lang.Class.forName(Class.java:260)
	at org.apache.tools.ant.taskdefs.email.EmailTask.execute(EmailTask.java:453)
	... 16 more
